# JRE version: Java(TM) SE Runtime Environment (17.0.12+8) (build 17.0.12+8-LTS-286)
# Java VM: Java HotSpot(TM) 64-Bit Server VM (17.0.12+8-LTS-286, mixed mode, emulated-client, sharing, tiered, compressed oops, compressed class ptrs, g1 gc, windows-amd64)
GC Precious Log:
 CPUs: 16 total, 16 available
 Memory: 7421M
 Large Page Support: Disabled
 NUMA Support: Disabled
 Compressed Oops: Enabled (32-bit)
 Heap Region Size: 1M
 Heap Min Capacity: 8M
 Heap Initial Capacity: 116M
 Heap Max Capacity: 1856M
 Pre-touch: Disabled
 Parallel Workers: 13
 Concurrent Workers: 3
 Concurrent Refinement Workers: 13
 Periodic GC: Disabled
Heap:
 garbage-first heap   total 260096K, used 123904K [0x000000008c000000, 0x0000000100000000)
  region size 1024K, 2 young (2048K), 2 survivors (2048K)
 Metaspace       used 73968K, committed 74688K, reserved 1114112K
  class space    used 10899K, committed 11264K, reserved 1048576K
GC Heap History (20 events):
Event: 33.469 GC heap after
{Heap after GC invocations=25 (full 0):
 garbage-first heap   total 121856K, used 48970K [0x000000008c000000, 0x0000000100000000)
  region size 1024K, 1 young (1024K), 1 survivors (1024K)
 Metaspace       used 73254K, committed 73984K, reserved 1114112K
  class space    used 10773K, committed 11136K, reserved 1048576K
}
Event: 33.541 GC heap before
{Heap before GC invocations=25 (full 0):
 garbage-first heap   total 121856K, used 100170K [0x000000008c000000, 0x0000000100000000)
  region size 1024K, 51 young (52224K), 1 survivors (1024K)
 Metaspace       used 73261K, committed 73984K, reserved 1114112K
  class space    used 10775K, committed 11136K, reserved 1048576K
}
Event: 33.543 GC heap after
{Heap after GC invocations=26 (full 0):
 garbage-first heap   total 121856K, used 52266K [0x000000008c000000, 0x0000000100000000)
  region size 1024K, 4 young (4096K), 4 survivors (4096K)
 Metaspace       used 73261K, committed 73984K, reserved 1114112K
  class space    used 10775K, committed 11136K, reserved 1048576K
}
Event: 33.604 GC heap before
{Heap before GC invocations=26 (full 0):
 garbage-first heap   total 121856K, used 99370K [0x000000008c000000, 0x0000000100000000)
  region size 1024K, 50 young (51200K), 4 survivors (4096K)
 Metaspace       used 73261K, committed 73984K, reserved 1114112K
  class space    used 10775K, committed 11136K, reserved 1048576K
}
Event: 33.606 GC heap after
{Heap after GC invocations=27 (full 0):
 garbage-first heap   total 121856K, used 51126K [0x000000008c000000, 0x0000000100000000)
  region size 1024K, 3 young (3072K), 3 survivors (3072K)
 Metaspace       used 73261K, committed 73984K, reserved 1114112K
  class space    used 10775K, committed 11136K, reserved 1048576K
}
Event: 33.683 GC heap before
{Heap before GC invocations=27 (full 0):
 garbage-first heap   total 121856K, used 100278K [0x000000008c000000, 0x0000000100000000)
  region size 1024K, 51 young (52224K), 3 survivors (3072K)
 Metaspace       used 73262K, committed 73984K, reserved 1114112K
  class space    used 10775K, committed 11136K, reserved 1048576K
}
Event: 33.690 GC heap after
{Heap after GC invocations=28 (full 0):
 garbage-first heap   total 121856K, used 64477K [0x000000008c000000, 0x0000000100000000)
  region size 1024K, 7 young (7168K), 7 survivors (7168K)
 Metaspace       used 73262K, committed 73984K, reserved 1114112K
  class space    used 10775K, committed 11136K, reserved 1048576K
}
Event: 33.805 GC heap before
{Heap before GC invocations=28 (full 0):
 garbage-first heap   total 121856K, used 93149K [0x000000008c000000, 0x0000000100000000)
  region size 1024K, 35 young (35840K), 7 survivors (7168K)
 Metaspace       used 73677K, committed 74432K, reserved 1114112K
  class space    used 10840K, committed 11200K, reserved 1048576K
}
Event: 33.809 GC heap after
{Heap after GC invocations=29 (full 0):
 garbage-first heap   total 260096K, used 66391K [0x000000008c000000, 0x0000000100000000)
  region size 1024K, 2 young (2048K), 2 survivors (2048K)
 Metaspace       used 73677K, committed 74432K, reserved 1114112K
  class space    used 10840K, committed 11200K, reserved 1048576K
}
Event: 34.074 GC heap before
{Heap before GC invocations=30 (full 0):
 garbage-first heap   total 232448K, used 181079K [0x000000008c000000, 0x0000000100000000)
  region size 1024K, 113 young (115712K), 2 survivors (2048K)
 Metaspace       used 73971K, committed 74688K, reserved 1114112K
  class space    used 10900K, committed 11264K, reserved 1048576K
}
Event: 34.088 GC heap after
{Heap after GC invocations=31 (full 0):
 garbage-first heap   total 232448K, used 101234K [0x000000008c000000, 0x0000000100000000)
  region size 1024K, 15 young (15360K), 15 survivors (15360K)
 Metaspace       used 73971K, committed 74688K, reserved 1114112K
  class space    used 10900K, committed 11264K, reserved 1048576K
}
Event: 34.091 GC heap before
{Heap before GC invocations=31 (full 0):
 garbage-first heap   total 232448K, used 102258K [0x000000008c000000, 0x0000000100000000)
  region size 1024K, 16 young (16384K), 15 survivors (15360K)
 Metaspace       used 73971K, committed 74688K, reserved 1114112K
  class space    used 10900K, committed 11264K, reserved 1048576K
}
Event: 34.097 GC heap after
{Heap after GC invocations=32 (full 0):
 garbage-first heap   total 232448K, used 104229K [0x000000008c000000, 0x0000000100000000)
  region size 1024K, 2 young (2048K), 2 survivors (2048K)
 Metaspace       used 73971K, committed 74688K, reserved 1114112K
  class space    used 10900K, committed 11264K, reserved 1048576K
}
Event: 34.178 GC heap before
{Heap before GC invocations=32 (full 0):
 garbage-first heap   total 232448K, used 165669K [0x000000008c000000, 0x0000000100000000)
  region size 1024K, 61 young (62464K), 2 survivors (2048K)
 Metaspace       used 73972K, committed 74688K, reserved 1114112K
  class space    used 10900K, committed 11264K, reserved 1048576K
}
Event: 34.187 GC heap after
{Heap after GC invocations=33 (full 0):
 garbage-first heap   total 232448K, used 127511K [0x000000008c000000, 0x0000000100000000)
  region size 1024K, 8 young (8192K), 8 survivors (8192K)
 Metaspace       used 73972K, committed 74688K, reserved 1114112K
  class space    used 10900K, committed 11264K, reserved 1048576K
}
Event: 34.256 GC heap before
{Heap before GC invocations=33 (full 0):
 garbage-first heap   total 232448K, used 174615K [0x000000008c000000, 0x0000000100000000)
  region size 1024K, 54 young (55296K), 8 survivors (8192K)
 Metaspace       used 73972K, committed 74688K, reserved 1114112K
  class space    used 10900K, committed 11264K, reserved 1048576K
}
Event: 34.265 GC heap after
{Heap after GC invocations=34 (full 0):
 garbage-first heap   total 232448K, used 144088K [0x000000008c000000, 0x0000000100000000)
  region size 1024K, 7 young (7168K), 7 survivors (7168K)
 Metaspace       used 73972K, committed 74688K, reserved 1114112K
  class space    used 10900K, committed 11264K, reserved 1048576K
}
Event: 34.337 GC heap before
{Heap before GC invocations=35 (full 0):
 garbage-first heap   total 232448K, used 157400K [0x000000008c000000, 0x0000000100000000)
  region size 1024K, 42 young (43008K), 7 survivors (7168K)
 Metaspace       used 73968K, committed 74688K, reserved 1114112K
  class space    used 10899K, committed 11264K, reserved 1048576K
}
Event: 34.346 GC heap after
{Heap after GC invocations=36 (full 0):
 garbage-first heap   total 232448K, used 136976K [0x000000008c000000, 0x0000000100000000)
  region size 1024K, 6 young (6144K), 6 survivors (6144K)
 Metaspace       used 73968K, committed 74688K, reserved 1114112K
  class space    used 10899K, committed 11264K, reserved 1048576K
}
Event: 34.353 GC heap before
{Heap before GC invocations=36 (full 0):
 garbage-first heap   total 232448K, used 142096K [0x000000008c000000, 0x0000000100000000)
  region size 1024K, 11 young (11264K), 6 survivors (6144K)
 Metaspace       used 73968K, committed 74688K, reserved 1114112K
  class space    used 10899K, committed 11264K, reserved 1048576K
}

